{"name": "test_login[admin-admin-0000-登录失败]", "status": "failed", "statusDetails": {"message": "AssertionError: assert '登录失败' in ''", "trace": "self = <test.login_test.TestLogin object at 0x7f88d08bcf10>, username = 'admin', password = 'admin', verifycode = '0000', expect = '登录失败'\n\n    @pytest.mark.parametrize('username, password, verifycode, expect', data)\n    def test_login(self, username, password, verifycode, expect):\n        loginPage = LoginPage(self.driver)\n        res = loginPage.sign_in(username, password, verifycode)\n>       assert expect in res\nE       AssertionError: assert '登录失败' in ''\n\nlogin_test.py:27: AssertionError"}, "parameters": [{"name": "username", "value": "'admin'"}, {"name": "password", "value": "'admin'"}, {"name": "verifycode", "value": "'0000'"}, {"name": "expect", "value": "'登录失败'"}], "start": 1631101072304, "stop": 1631101075726, "uuid": "42833a9e-0646-40a0-af52-c3cefb729327", "historyId": "c090f4b7f8f2ced00f9900385b2a065c", "testCaseId": "02a8ed5a102d0bd522bd82e1e15e6e46", "fullName": "login_test.TestLogin#test_login", "labels": [{"name": "feature", "value": "登录"}, {"name": "suite", "value": "login_test"}, {"name": "subSuite", "value": "TestLogin"}, {"name": "host", "value": "lideMacBook-Air.local"}, {"name": "thread", "value": "16718-MainThread"}, {"name": "framework", "value": "pytest"}, {"name": "language", "value": "cpython3"}, {"name": "package", "value": "login_test"}]}