{"name": "test_login[-admin123-0000-登录失败]", "status": "failed", "statusDetails": {"message": "AssertionError: assert '登录失败' in ''", "trace": "self = <test.login_test.TestLogin object at 0x7fa7fc950940>, username = '', password = 'admin123', verifycode = '0000', expect = '登录失败'\n\n    @pytest.mark.parametrize('username, password, verifycode, expect', data)\n    def test_login(self, username, password, verifycode, expect):\n        loginPage = LoginPage(self.driver)\n        res = loginPage.sign_in(username, password, verifycode)\n>       assert expect in res\nE       AssertionError: assert '登录失败' in ''\n\nlogin_test.py:27: AssertionError"}, "parameters": [{"name": "username", "value": "''"}, {"name": "password", "value": "'admin123'"}, {"name": "verifycode", "value": "'0000'"}, {"name": "expect", "value": "'登录失败'"}], "start": 1631100729172, "stop": 1631100730355, "uuid": "10c45258-b5f4-4b60-a484-cdef4a7537d0", "historyId": "8cc7f7ddd6629e2d8cc836f939b33c87", "testCaseId": "02a8ed5a102d0bd522bd82e1e15e6e46", "fullName": "login_test.TestLogin#test_login", "labels": [{"name": "feature", "value": "登录"}, {"name": "suite", "value": "login_test"}, {"name": "subSuite", "value": "TestLogin"}, {"name": "host", "value": "lideMacBook-Air.local"}, {"name": "thread", "value": "16459-MainThread"}, {"name": "framework", "value": "pytest"}, {"name": "language", "value": "cpython3"}, {"name": "package", "value": "login_test"}]}