{
  "uid" : "713dd15559e71927",
  "name" : "test_login[-admin123-0000-登录失败]",
  "fullName" : "login_test.TestLogin#test_login",
  "historyId" : "8cc7f7ddd6629e2d8cc836f939b33c87",
  "time" : {
    "start" : 1631100729172,
    "stop" : 1631100730355,
    "duration" : 1183
  },
  "status" : "failed",
  "statusMessage" : "AssertionError: assert '登录失败' in ''",
  "statusTrace" : "self = <test.login_test.TestLogin object at 0x7fa7fc950940>, username = '', password = 'admin123', verifycode = '0000', expect = '登录失败'\n\n    @pytest.mark.parametrize('username, password, verifycode, expect', data)\n    def test_login(self, username, password, verifycode, expect):\n        loginPage = LoginPage(self.driver)\n        res = loginPage.sign_in(username, password, verifycode)\n>       assert expect in res\nE       AssertionError: assert '登录失败' in ''\n\nlogin_test.py:27: AssertionError",
  "flaky" : false,
  "newFailed" : false,
  "beforeStages" : [ {
    "name" : "xunit_setup_class_fixture_TestLogin",
    "time" : {
      "start" : 1631100713666,
      "stop" : 1631100722239,
      "duration" : 8573
    },
    "status" : "passed",
    "steps" : [ ],
    "attachments" : [ ],
    "parameters" : [ ],
    "stepsCount" : 0,
    "attachmentsCount" : 0,
    "shouldDisplayMessage" : false,
    "hasContent" : false
  } ],
  "afterStages" : [ {
    "name" : "xunit_setup_class_fixture_TestLogin::0",
    "time" : {
      "start" : 1631100732860,
      "stop" : 1631100733092,
      "duration" : 232
    },
    "status" : "passed",
    "steps" : [ ],
    "attachments" : [ ],
    "parameters" : [ ],
    "stepsCount" : 0,
    "attachmentsCount" : 0,
    "shouldDisplayMessage" : false,
    "hasContent" : false
  } ],
  "labels" : [ {
    "name" : "feature",
    "value" : "登录"
  }, {
    "name" : "suite",
    "value" : "login_test"
  }, {
    "name" : "subSuite",
    "value" : "TestLogin"
  }, {
    "name" : "host",
    "value" : "lideMacBook-Air.local"
  }, {
    "name" : "thread",
    "value" : "16459-MainThread"
  }, {
    "name" : "framework",
    "value" : "pytest"
  }, {
    "name" : "language",
    "value" : "cpython3"
  }, {
    "name" : "package",
    "value" : "login_test"
  }, {
    "name" : "resultFormat",
    "value" : "allure2"
  } ],
  "parameters" : [ {
    "name" : "expect",
    "value" : "'登录失败'"
  }, {
    "name" : "password",
    "value" : "'admin123'"
  }, {
    "name" : "username",
    "value" : "''"
  }, {
    "name" : "verifycode",
    "value" : "'0000'"
  } ],
  "links" : [ ],
  "hidden" : true,
  "retry" : true,
  "extra" : {
    "categories" : [ ],
    "tags" : [ ]
  },
  "source" : "713dd15559e71927.json",
  "parameterValues" : [ "'登录失败'", "'admin123'", "''", "'0000'" ]
}